Arguments: 
  /home/steven/.nvm/versions/node/v8.10.0/bin/node /usr/share/yarn/bin/yarn.js watch

PATH: 
  /home/steven/bin:/usr/local/bin:/home/steven/.cargo/bin:/home/steven/bin:/home/steven/.local/bin:/home/steven/.cargo/bin:/home/steven/.nvm/versions/node/v8.10.0/bin:/home/steven/bin:/usr/local/bin:/home/steven/.cargo/bin:/home/steven/bin:/home/steven/.local/bin:/home/steven/.cargo/bin:/home/steven/bin:/home/steven/.local/bin:/usr/local/sbin:/usr/local/bin:/usr/sbin:/usr/bin:/sbin:/bin:/usr/games:/usr/local/games:/snap/bin:/home/steven/.fzf/bin

Yarn version: 
  1.5.1

Node version: 
  8.10.0

Platform: 
  linux x64

npm manifest: 
  No manifest

yarn manifest: 
  No manifest

Lockfile: 
  No lockfile

Trace: 
  Error: Couldn't find a package.json file in "/home/steven/coursera/ML/week5/machine-learning-ex4/ex4"
      at new MessageError (/usr/share/yarn/lib/cli.js:186:110)
      at /usr/share/yarn/lib/cli.js:40048:15
      at Generator.next (<anonymous>)
      at step (/usr/share/yarn/lib/cli.js:98:30)
      at /usr/share/yarn/lib/cli.js:109:13
      at <anonymous>
